{
  message: 'err is not defined',
  level: 'error',
  label: 'winston custom format',
  timestamp: 'Jun-28-2023 23:19:22'
}
{
  message: 'err is not defined',
  level: 'error',
  label: 'winston custom format',
  timestamp: 'Jun-28-2023 23:24:02'
}
{
  message: 'paths.map is not a function',
  level: 'error',
  label: 'winston custom format',
  timestamp: 'Jun-28-2023 23:29:20'
}
{
  message: 'E11000 duplicate key error collection: blog-api.blogs index: likes.like_by_1 dup key: { likes.like_by: null }',
  level: 'error',
  label: 'winston custom format',
  timestamp: 'Jun-28-2023 23:29:21'
}
{
  message: 'something failed while trying to uplodad files to cloudinary',
  level: 'error',
  label: 'winston custom format',
  timestamp: 'Jun-28-2023 23:30:06'
}
{
  message: 'E11000 duplicate key error collection: blog-api.blogs index: likes.like_by_1 dup key: { likes.like_by: null }',
  level: 'error',
  label: 'winston custom format',
  timestamp: 'Jun-28-2023 23:30:06'
}
{
  message: "ENOENT: no such file or directory, open 'C:\\Users\\Chris\\Desktop\\Personal_Projects\\assets\\img1.jpg'",
  level: 'error',
  label: 'winston custom format',
  timestamp: 'Jun-28-2023 23:31:05'
}
{
  message: 'E11000 duplicate key error collection: blog-api.blogs index: likes.like_by_1 dup key: { likes.like_by: null }',
  level: 'error',
  label: 'winston custom format',
  timestamp: 'Jun-28-2023 23:31:05'
}
{
  message: "ENOENT: no such file or directory, open 'C:\\Users\\Chris\\Desktop\\Personal_Projects\\blog-app\\blog_app\\assets\\img1.jpg'",
  level: 'error',
  label: 'winston custom format',
  timestamp: 'Jun-28-2023 23:31:39'
}
{
  message: 'E11000 duplicate key error collection: blog-api.blogs index: likes.like_by_1 dup key: { likes.like_by: null }',
  level: 'error',
  label: 'winston custom format',
  timestamp: 'Jun-28-2023 23:31:39'
}
{
  message: 'E11000 duplicate key error collection: blog-api.blogs index: likes.like_by_1 dup key: { likes.like_by: null }',
  level: 'error',
  label: 'winston custom format',
  timestamp: 'Jun-28-2023 23:32:02'
}
{
  message: "Cannot read properties of undefined (reading 'map')",
  level: 'error',
  label: 'winston custom format',
  timestamp: 'Jun-28-2023 23:42:41'
}
{
  message: 'E11000 duplicate key error collection: blog-api.blogs index: likes.like_by_1 dup key: { likes.like_by: null }',
  level: 'error',
  label: 'winston custom format',
  timestamp: 'Jun-28-2023 23:42:42'
}
{
  message: "Cannot read properties of undefined (reading 'map')",
  level: 'error',
  label: 'winston custom format',
  timestamp: 'Jun-28-2023 23:43:27'
}
{
  message: 'E11000 duplicate key error collection: blog-api.blogs index: likes.like_by_1 dup key: { likes.like_by: null }',
  level: 'error',
  label: 'winston custom format',
  timestamp: 'Jun-28-2023 23:43:27'
}
{
  message: "Cannot read properties of undefined (reading 'map')",
  level: 'error',
  label: 'winston custom format',
  timestamp: 'Jun-28-2023 23:44:25'
}
{
  message: 'E11000 duplicate key error collection: blog-api.blogs index: likes.like_by_1 dup key: { likes.like_by: null }',
  level: 'error',
  label: 'winston custom format',
  timestamp: 'Jun-28-2023 23:44:25'
}
{
  message: 'getaddrinfo ENOTFOUND api.cloudinary.com',
  level: 'error',
  label: 'winston custom format',
  timestamp: 'Jun-28-2023 23:45:00'
}
{
  message: 'E11000 duplicate key error collection: blog-api.blogs index: likes.like_by_1 dup key: { likes.like_by: null }',
  level: 'error',
  label: 'winston custom format',
  timestamp: 'Jun-28-2023 23:45:00'
}
{
  message: 'E11000 duplicate key error collection: blog-api.blogs index: likes.like_by_1 dup key: { likes.like_by: null }',
  level: 'error',
  label: 'winston custom format',
  timestamp: 'Jun-28-2023 23:45:13'
}
{
  message: 'E11000 duplicate key error collection: blog-api.blogs index: likes.like_by_1 dup key: { likes.like_by: null }',
  level: 'error',
  label: 'winston custom format',
  timestamp: 'Jun-28-2023 23:45:40'
}
{
  message: 'E11000 duplicate key error collection: blog-api.blogs index: likes.like_by_1 dup key: { likes.like_by: null }',
  level: 'error',
  label: 'winston custom format',
  timestamp: 'Jun-28-2023 23:47:22'
}
{
  message: 'E11000 duplicate key error collection: blog-api.blogs index: likes.like_by_1 dup key: { likes.like_by: null }',
  level: 'error',
  label: 'winston custom format',
  timestamp: 'Jun-28-2023 23:50:37'
}
{
  message: 'getaddrinfo ENOTFOUND api.cloudinary.com',
  level: 'error',
  label: 'winston custom format',
  timestamp: 'Jun-28-2023 23:54:17'
}
{
  message: 'Blog validation failed: created_by: Path `created_by` is required.',
  level: 'error',
  label: 'winston custom format',
  timestamp: 'Jun-28-2023 23:54:17'
}
{
  message: 'Blog validation failed: created_by: Path `created_by` is required.',
  level: 'error',
  label: 'winston custom format',
  timestamp: 'Jun-28-2023 23:54:29'
}
{
  message: 'Blog validation failed: created_by: Path `created_by` is required.',
  level: 'error',
  label: 'winston custom format',
  timestamp: 'Jun-28-2023 23:55:09'
}
{
  message: 'Blog validation failed: created_by: Path `created_by` is required.',
  level: 'error',
  label: 'winston custom format',
  timestamp: 'Jun-28-2023 23:55:43'
}
{
  message: 'Blog validation failed: created_by: Path `created_by` is required.',
  level: 'error',
  label: 'winston custom format',
  timestamp: 'Jun-28-2023 23:58:08'
}
{
  message: 'getaddrinfo ENOTFOUND api.cloudinary.com',
  level: 'error',
  label: 'winston custom format',
  timestamp: 'Jun-28-2023 23:59:21'
}
{
  message: 'E11000 duplicate key error collection: blog-api.blogs index: likes.like_by_1 dup key: { likes.like_by: null }',
  level: 'error',
  label: 'winston custom format',
  timestamp: 'Jun-28-2023 23:59:21'
}
{
  message: 'E11000 duplicate key error collection: blog-api.blogs index: likes.like_by_1 dup key: { likes.like_by: null }',
  level: 'error',
  label: 'winston custom format',
  timestamp: 'Jun-28-2023 23:59:51'
}
{
  message: 'E11000 duplicate key error collection: blog-api.blogs index: likes.like_by_1 dup key: { likes.like_by: null }',
  level: 'error',
  label: 'winston custom format',
  timestamp: 'Jun-29-2023 00:00:06'
}
{
  message: 'getaddrinfo ENOTFOUND api.cloudinary.com',
  level: 'error',
  label: 'winston custom format',
  timestamp: 'Jun-29-2023 00:01:53'
}
{
  message: 'E11000 duplicate key error collection: blog-api.blogs index: likes.like_by_1 dup key: { likes.like_by: null }',
  level: 'error',
  label: 'winston custom format',
  timestamp: 'Jun-29-2023 00:01:53'
}
{
  message: 'E11000 duplicate key error collection: blog-api.blogs index: likes.like_by_1 dup key: { likes.like_by: null }',
  level: 'error',
  label: 'winston custom format',
  timestamp: 'Jun-29-2023 00:02:41'
}
{
  message: 'post is not defined',
  level: 'error',
  label: 'winston custom format',
  timestamp: 'Jun-29-2023 22:54:59'
}
{
  message: 'post is not defined',
  level: 'error',
  label: 'winston custom format',
  timestamp: 'Jun-29-2023 22:56:17'
}
{
  message: 'post is not defined',
  level: 'error',
  label: 'winston custom format',
  timestamp: 'Jun-29-2023 22:56:52'
}
{
  message: 'Unexpected string in JSON at position 42',
  level: 'error',
  label: 'winston custom format',
  timestamp: 'Jun-29-2023 23:58:32'
}
{
  message: 'E11000 duplicate key error collection: blog-api.users index: username_1 dup key: { username: "ea10" }',
  level: 'error',
  label: 'winston custom format',
  timestamp: 'Jun-29-2023 23:59:36'
}
{
  message: 'E11000 duplicate key error collection: blog-api.users index: username_1 dup key: { username: "ea10" }',
  level: 'error',
  label: 'winston custom format',
  timestamp: 'Jun-30-2023 00:00:47'
}
{
  message: 'E11000 duplicate key error collection: blog-api.users index: username_1 dup key: { username: "ea10" }',
  level: 'error',
  label: 'winston custom format',
  timestamp: 'Jun-30-2023 00:03:29'
}
{
  message: 'E11000 duplicate key error collection: blog-api.users index: username_1 dup key: { username: "ea10" }',
  level: 'error',
  label: 'winston custom format',
  timestamp: 'Jun-30-2023 00:04:25'
}
{
  message: 'E11000 duplicate key error collection: blog-api.users index: username_1 dup key: { username: "ea10" }',
  level: 'error',
  label: 'winston custom format',
  timestamp: 'Jun-30-2023 00:06:07'
}
{
  message: 'E11000 duplicate key error collection: blog-api.users index: username_1 dup key: { username: "ea10" }',
  level: 'error',
  label: 'winston custom format',
  timestamp: 'Jun-30-2023 00:07:28'
}
{
  message: 'email is not defined',
  level: 'error',
  label: 'winston custom format',
  timestamp: 'Jun-30-2023 00:25:30'
}
{
  message: 'email is not defined',
  level: 'error',
  label: 'winston custom format',
  timestamp: 'Jun-30-2023 00:25:32'
}
{
  message: 'Cast to ObjectId failed for value "{ _id: undefined }" (type Object) at path "_id" for model "User"',
  level: 'error',
  label: 'winston custom format',
  timestamp: 'Jun-30-2023 00:42:59'
}
{
  message: 'Cast to ObjectId failed for value "{ _id: undefined }" (type Object) at path "_id" for model "User"',
  level: 'error',
  label: 'winston custom format',
  timestamp: 'Jun-30-2023 00:43:02'
}
{
  message: `Cast to ObjectId failed for value "{ email: 'emanuelanyigor@gmail.com' }" (type Object) at path "_id" for model "User"`,
  level: 'error',
  label: 'winston custom format',
  timestamp: 'Jun-30-2023 00:44:23'
}
{
  message: `Cast to ObjectId failed for value "{ email: 'emanuelanyigor@gmail.com' }" (type Object) at path "_id" for model "User"`,
  level: 'error',
  label: 'winston custom format',
  timestamp: 'Jun-30-2023 00:44:56'
}
{
  message: `Cast to ObjectId failed for value "{ email: 'emanuelanyigor@gmail.com' }" (type Object) at path "_id" for model "User"`,
  level: 'error',
  label: 'winston custom format',
  timestamp: 'Jun-30-2023 00:48:17'
}
{
  message: `Cast to ObjectId failed for value "{ email: 'emanuelanyigor@gmail.com' }" (type Object) at path "_id" for model "User"`,
  level: 'error',
  label: 'winston custom format',
  timestamp: 'Jun-30-2023 00:49:04'
}
{
  message: "ENOENT: no such file or directory, open 'C:\\Users\\Chris\\Desktop\\Personal_Projects\\blog-app\\assets\\img2.j'",
  level: 'error',
  label: 'winston custom format',
  timestamp: 'Jun-30-2023 01:04:57'
}
{
  message: 'uploaded_files?.map is not a function',
  level: 'error',
  label: 'winston custom format',
  timestamp: 'Jun-30-2023 01:13:13'
}
